生成启动时间为 2016/11/12 15:03:47。
     1>项目“D:\学习\实验室\lr\cvb\cvb\cvb.vcxproj”在节点 2 上(Build 个目标)。
     1>ClCompile:
         C:\Program Files (x86)\Microsoft Visual Studio 11.0\VC\bin\CL.exe /c /Zi /nologo /W3 /WX- /O2 /Oi /Oy- /GL /D _MBCS /Gm- /EHsc /MD /GS /Gy /fp:precise /Zc:wchar_t /Zc:forScope /Fo"Release\\" /Fd"Release\vc110.pdb" /Gd /TP /analyze- /errorReport:prompt "源.cpp"
         源.cpp
     1>源.cpp(55): warning C4018: “<”: 有符号/无符号不匹配
     1>源.cpp(62): warning C4018: “<”: 有符号/无符号不匹配
     1>源.cpp(82): warning C4101: “item”: 未引用的局部变量
     1>源.cpp(148): warning C4018: “<”: 有符号/无符号不匹配
     1>源.cpp(154): warning C4018: “<”: 有符号/无符号不匹配
     1>源.cpp(181): warning C4018: “<”: 有符号/无符号不匹配
     1>源.cpp(232): warning C4018: “<”: 有符号/无符号不匹配
     1>源.cpp(337): warning C4018: “<”: 有符号/无符号不匹配
     1>源.cpp(347): warning C4018: “<”: 有符号/无符号不匹配
       Link:
         C:\Program Files (x86)\Microsoft Visual Studio 11.0\VC\bin\link.exe /ERRORREPORT:PROMPT /OUT:"D:\学习\实验室\lr\cvb\Release\cvb.exe" /NOLOGO kernel32.lib user32.lib gdi32.lib winspool.lib comdlg32.lib advapi32.lib shell32.lib ole32.lib oleaut32.lib uuid.lib odbc32.lib odbccp32.lib /MANIFEST /MANIFESTUAC:"level='asInvoker' uiAccess='false'" /manifest:embed /DEBUG /PDB:"D:\学习\实验室\lr\cvb\Release\cvb.pdb" /OPT:REF /OPT:ICF /LTCG /TLBID:1 /DYNAMICBASE /NXCOMPAT /IMPLIB:"D:\学习\实验室\lr\cvb\Release\cvb.lib" /MACHINE:X86 /SAFESEH "Release\源.obj"
         正在生成代码
         已完成代码的生成
         cvb.vcxproj -> D:\学习\实验室\lr\cvb\Release\cvb.exe
     1>已完成生成项目“D:\学习\实验室\lr\cvb\cvb\cvb.vcxproj”(Build 个目标)的操作。

生成成功。

已用时间 00:00:01.40
