生成启动时间为 2016/11/7 14:45:44。
     1>项目“C:\Users\mtyb\documents\visual studio 2013\Projects\Project6\Project6\Project6.vcxproj”在节点 2 上(Build 个目标)。
     1>ClCompile:
         C:\software\vs2013fin\VC\bin\CL.exe /c /Zi /nologo /W3 /WX- /sdl /O2 /Oi /Oy- /GL /D _MBCS /Gm- /EHsc /MD /GS /Gy /fp:precise /Zc:wchar_t /Zc:forScope /Fo"Release\\" /Fd"Release\vc120.pdb" /Gd /TP /analyze- /errorReport:prompt "源.cpp"
         源.cpp
     1>源.cpp(54): warning C4018: “<”: 有符号/无符号不匹配
     1>源.cpp(62): warning C4018: “<”: 有符号/无符号不匹配
     1>源.cpp(79): warning C4018: “<”: 有符号/无符号不匹配
     1>源.cpp(90): warning C4101: “item”: 未引用的局部变量
     1>源.cpp(172): warning C4018: “<”: 有符号/无符号不匹配
     1>源.cpp(220): warning C4018: “<”: 有符号/无符号不匹配
     1>源.cpp(238): warning C4018: “<”: 有符号/无符号不匹配
     1>源.cpp(306): warning C4018: “<”: 有符号/无符号不匹配
     1>源.cpp(351): warning C4018: “<”: 有符号/无符号不匹配
       Link:
         C:\software\vs2013fin\VC\bin\link.exe /ERRORREPORT:PROMPT /OUT:"C:\Users\mtyb\documents\visual studio 2013\Projects\Project6\Release\Project6.exe" /NOLOGO kernel32.lib user32.lib gdi32.lib winspool.lib comdlg32.lib advapi32.lib shell32.lib ole32.lib oleaut32.lib uuid.lib odbc32.lib odbccp32.lib /MANIFEST /MANIFESTUAC:"level='asInvoker' uiAccess='false'" /manifest:embed /DEBUG /PDB:"C:\Users\mtyb\documents\visual studio 2013\Projects\Project6\Release\Project6.pdb" /OPT:REF /OPT:ICF /LTCG /TLBID:1 /DYNAMICBASE /NXCOMPAT /IMPLIB:"C:\Users\mtyb\documents\visual studio 2013\Projects\Project6\Release\Project6.lib" /MACHINE:X86 /SAFESEH "Release\源.obj"
         正在生成代码
         已完成代码的生成
         Project6.vcxproj -> C:\Users\mtyb\documents\visual studio 2013\Projects\Project6\Release\Project6.exe
     1>已完成生成项目“C:\Users\mtyb\documents\visual studio 2013\Projects\Project6\Project6\Project6.vcxproj”(Build 个目标)的操作。

生成成功。

已用时间 00:00:01.65
