生成启动时间为 2016/11/1 15:34:17。
     1>项目“C:\Users\mtyb\documents\visual studio 2013\Projects\Project2\Project2\Project2.vcxproj”在节点 2 上(Build 个目标)。
     1>ClCompile:
         C:\software\vs2013fin\VC\bin\CL.exe /c /ZI /nologo /W3 /WX- /sdl /Od /Oy- /D _MBCS /Gm /EHsc /RTC1 /MDd /GS /fp:precise /Zc:wchar_t /Zc:forScope /Fo"Debug\\" /Fd"Debug\vc120.pdb" /Gd /TP /analyze- /errorReport:prompt "源.cpp"
         源.cpp
     1>c:\users\mtyb\documents\visual studio 2013\projects\project2\project2\源.cpp(55): warning C4018: “<”: 有符号/无符号不匹配
     1>c:\users\mtyb\documents\visual studio 2013\projects\project2\project2\源.cpp(62): warning C4018: “<”: 有符号/无符号不匹配
     1>c:\users\mtyb\documents\visual studio 2013\projects\project2\project2\源.cpp(82): warning C4101: “item”: 未引用的局部变量
     1>c:\users\mtyb\documents\visual studio 2013\projects\project2\project2\源.cpp(148): warning C4018: “<”: 有符号/无符号不匹配
     1>c:\users\mtyb\documents\visual studio 2013\projects\project2\project2\源.cpp(154): warning C4018: “<”: 有符号/无符号不匹配
     1>c:\users\mtyb\documents\visual studio 2013\projects\project2\project2\源.cpp(181): warning C4018: “<”: 有符号/无符号不匹配
     1>c:\users\mtyb\documents\visual studio 2013\projects\project2\project2\源.cpp(231): warning C4018: “<”: 有符号/无符号不匹配
     1>c:\users\mtyb\documents\visual studio 2013\projects\project2\project2\源.cpp(353): warning C4018: “<”: 有符号/无符号不匹配
     1>c:\users\mtyb\documents\visual studio 2013\projects\project2\project2\源.cpp(363): warning C4018: “<”: 有符号/无符号不匹配
       Link:
         C:\software\vs2013fin\VC\bin\link.exe /ERRORREPORT:PROMPT /OUT:"C:\Users\mtyb\documents\visual studio 2013\Projects\Project2\Debug\Project2.exe" /INCREMENTAL /NOLOGO kernel32.lib user32.lib gdi32.lib winspool.lib comdlg32.lib advapi32.lib shell32.lib ole32.lib oleaut32.lib uuid.lib odbc32.lib odbccp32.lib /MANIFEST /MANIFESTUAC:"level='asInvoker' uiAccess='false'" /manifest:embed /DEBUG /PDB:"C:\Users\mtyb\documents\visual studio 2013\Projects\Project2\Debug\Project2.pdb" /TLBID:1 /DYNAMICBASE /NXCOMPAT /IMPLIB:"C:\Users\mtyb\documents\visual studio 2013\Projects\Project2\Debug\Project2.lib" /MACHINE:X86 "Debug\源.obj"
         Project2.vcxproj -> C:\Users\mtyb\documents\visual studio 2013\Projects\Project2\Debug\Project2.exe
     1>已完成生成项目“C:\Users\mtyb\documents\visual studio 2013\Projects\Project2\Project2\Project2.vcxproj”(Build 个目标)的操作。

生成成功。

已用时间 00:00:01.05
